<?xml version="1.0" encoding="UTF-8"?>
<!-- Generated by org.testng.reporters.JUnitReportReporter -->
<testsuite skipped="0" hostname="DESKTOP-1A53PBT" name="org.base3.SampleClass1" tests="1" failures="0" timestamp="19 Sep 2021 07:40:16 GMT" time="11.918" errors="0">
  <testcase name="TC1" time="11.918" classname="org.base3.SampleClass1"/>
</testsuite> <!-- org.base3.SampleClass1 -->
