<?xml version="1.0" encoding="UTF-8"?>
<!-- Generated by org.testng.reporters.JUnitReportReporter -->
<testsuite skipped="0" hostname="DESKTOP-1A53PBT" name="org.base3.ClassSample5" tests="3" failures="0" timestamp="19 Sep 2021 07:50:20 GMT" time="30.306" errors="0">
  <testcase name="tc3" time="12.872" classname="org.base3.ClassSample5"/>
  <testcase name="tc2" time="10.616" classname="org.base3.ClassSample5"/>
  <testcase name="tc7" time="6.818" classname="org.base3.ClassSample5"/>
</testsuite> <!-- org.base3.ClassSample5 -->
