<?xml version="1.0" encoding="UTF-8"?>
<!-- Generated by org.testng.reporters.JUnitReportReporter -->
<testsuite name="org.base1.Data3" tests="1" time="0.000" ignored="0" failures="0" timestamp="20 Sep 2021 14:32:12 GMT" skipped="1" hostname="DESKTOP-1A53PBT" errors="0">
  <testcase name="tc" time="0.000" classname="org.base1.Data3">
    <skipped/>
  </testcase> <!-- tc -->
</testsuite> <!-- org.base1.Data3 -->
