<?xml version="1.0" encoding="UTF-8"?>
<!-- Generated by org.testng.reporters.JUnitReportReporter -->
<testsuite skipped="0" hostname="DESKTOP-1A53PBT" name="org.base3.Sample2" tests="1" failures="0" timestamp="19 Sep 2021 07:40:16 GMT" time="14.655" errors="0">
  <testcase name="tc3" time="14.655" classname="org.base3.Sample2"/>
</testsuite> <!-- org.base3.Sample2 -->
