<?xml version="1.0" encoding="UTF-8"?>
<!-- Generated by org.testng.reporters.JUnitReportReporter -->
<testsuite name="org.base1.MAVEN576" tests="1" time="0.000" ignored="0" failures="0" timestamp="02 Oct 2021 18:28:40 GMT" skipped="1" hostname="DESKTOP-1A53PBT" errors="0">
  <testcase name="tc1" time="0.000" classname="org.base1.MAVEN576">
    <skipped/>
  </testcase> <!-- tc1 -->
</testsuite> <!-- org.base1.MAVEN576 -->
