<?xml version="1.0" encoding="UTF-8"?>
<!-- Generated by org.testng.reporters.JUnitReportReporter -->
<testsuite name="org.base1.Parameters45" tests="3" time="1.181" ignored="0" failures="0" timestamp="02 Oct 2021 18:31:48 GMT" skipped="0" hostname="DESKTOP-1A53PBT" errors="0">
  <testcase name="tc1" time="0.134" classname="org.base1.Parameters45"/>
  <testcase name="tc5" time="0.915" classname="org.base1.Parameters45"/>
  <testcase name="tc3" time="0.132" classname="org.base1.Parameters45"/>
</testsuite> <!-- org.base1.Parameters45 -->
